<?xml version="1.0" encoding="UTF-8"?>
<!-- Generated by org.testng.reporters.JUnitReportReporter -->
<testsuite hostname="LAPTOP-HT9ABSF6" failures="0" tests="1" name="testing.Activity2" time="0.008" errors="0" timestamp="2021-10-14T15:04:06 IST" skipped="0">
  <testcase classname="testing.Activity2" name="test" time="0.008"/>
  <system-out/>
</testsuite> <!-- testing.Activity2 -->
