<?xml version="1.0" encoding="UTF-8"?>
<!-- Generated by org.testng.reporters.JUnitReportReporter -->
<testsuite hostname="LAPTOP-HT9ABSF6" failures="0" tests="1" name="testing.Activity2" time="44.703" errors="0" timestamp="2021-10-14T21:35:26 IST" skipped="0">
  <testcase classname="testing.Activity2" name="test" time="44.703"/>
  <system-out/>
</testsuite> <!-- testing.Activity2 -->
