<?xml version="1.0" encoding="UTF-8"?>
<!-- Generated by org.testng.reporters.JUnitReportReporter -->
<testsuite hostname="LAPTOP-HT9ABSF6" failures="0" tests="1" name="testing.Activity1" time="0.009" errors="0" timestamp="2021-10-14T00:04:06 IST" skipped="0">
  <testcase classname="testing.Activity1" name="test" time="0.009"/>
  <system-out/>
</testsuite> <!-- testing.Activity1 -->
