<?xml version="1.0" encoding="UTF-8"?>
<!-- Generated by org.testng.reporters.JUnitReportReporter -->
<testsuite hostname="LAPTOP-HT9ABSF6" failures="0" tests="1" name="testing.RestAssured" time="14.112" errors="0" timestamp="2022-08-08T21:51:24 IST" skipped="0">
  <testcase classname="testing.RestAssured" name="test" time="14.112"/>
  <system-out/>
</testsuite> <!-- testing.RestAssured -->
